\BOOKMARK [0][-]{chapter.1}{Projektmanagement}{}% 1
\BOOKMARK [1][-]{section.1.1}{Metainformationen}{chapter.1}% 2
\BOOKMARK [2][-]{subsection.1.1.1}{Team}{section.1.1}% 3
\BOOKMARK [2][-]{subsection.1.1.2}{Betreuer}{section.1.1}% 4
\BOOKMARK [2][-]{subsection.1.1.3}{Partner}{section.1.1}% 5
\BOOKMARK [2][-]{subsection.1.1.4}{Ansprechpartner}{section.1.1}% 6
\BOOKMARK [1][-]{section.1.2}{Vorerhebungen}{chapter.1}% 7
\BOOKMARK [2][-]{subsection.1.2.1}{Projektzieleplan}{section.1.2}% 8
\BOOKMARK [2][-]{subsection.1.2.2}{Projektumfeld}{section.1.2}% 9
\BOOKMARK [2][-]{subsection.1.2.3}{Risikoanalyse}{section.1.2}% 10
\BOOKMARK [1][-]{section.1.3}{Pflichtenheft}{chapter.1}% 11
\BOOKMARK [2][-]{subsection.1.3.1}{Zielbestimmung}{section.1.3}% 12
\BOOKMARK [2][-]{subsection.1.3.2}{Produkteinsatz und Umgebung}{section.1.3}% 13
\BOOKMARK [2][-]{subsection.1.3.3}{Funktionalit\344ten}{section.1.3}% 14
\BOOKMARK [2][-]{subsection.1.3.4}{Testszenarien und Testf\344lle}{section.1.3}% 15
\BOOKMARK [2][-]{subsection.1.3.5}{Liefervereinbarung}{section.1.3}% 16
\BOOKMARK [1][-]{section.1.4}{Planung}{chapter.1}% 17
\BOOKMARK [2][-]{subsection.1.4.1}{Projektstrukturplan}{section.1.4}% 18
\BOOKMARK [2][-]{subsection.1.4.2}{Meilensteine}{section.1.4}% 19
\BOOKMARK [2][-]{subsection.1.4.3}{Gant-Chart}{section.1.4}% 20
\BOOKMARK [2][-]{subsection.1.4.4}{Abnahmekriterien}{section.1.4}% 21
\BOOKMARK [2][-]{subsection.1.4.5}{Pl\344ne zur Evaluierung}{section.1.4}% 22
\BOOKMARK [2][-]{subsection.1.4.6}{Erg\344nzungen und zu kl\344rende Punkte}{section.1.4}% 23
\BOOKMARK [0][-]{chapter.2}{Vorstellung des Produktes}{}% 24
\BOOKMARK [0][-]{chapter.3}{Eingesetzte Technologien}{}% 25
\BOOKMARK [0][-]{chapter.4}{Problemanalyse}{}% 26
\BOOKMARK [1][-]{section.4.1}{USE-Case-Analyse}{chapter.4}% 27
\BOOKMARK [1][-]{section.4.2}{Domain-Class-Modelling}{chapter.4}% 28
\BOOKMARK [1][-]{section.4.3}{User-Interface-Design}{chapter.4}% 29
\BOOKMARK [0][-]{chapter.5}{Systementwurf}{}% 30
\BOOKMARK [1][-]{section.5.1}{Architektur}{chapter.5}% 31
\BOOKMARK [2][-]{subsection.5.1.1}{Design der Komponenten}{section.5.1}% 32
\BOOKMARK [2][-]{subsection.5.1.2}{Benutzerschnittstellen}{section.5.1}% 33
\BOOKMARK [2][-]{subsection.5.1.3}{Datenhaltunskonzept}{section.5.1}% 34
\BOOKMARK [2][-]{subsection.5.1.4}{Konzept f\374r Ausnahmebehandlung}{section.5.1}% 35
\BOOKMARK [2][-]{subsection.5.1.5}{Sicherheitskonzept}{section.5.1}% 36
\BOOKMARK [2][-]{subsection.5.1.6}{Design der Testumgebung}{section.5.1}% 37
\BOOKMARK [2][-]{subsection.5.1.7}{Desing der Ausf\374hrungsumgebung}{section.5.1}% 38
\BOOKMARK [1][-]{section.5.2}{Detailentwurf}{chapter.5}% 39
\BOOKMARK [0][-]{chapter.6}{Implementierung}{}% 40
\BOOKMARK [0][-]{chapter.7}{Deployment}{}% 41
\BOOKMARK [0][-]{chapter.8}{Tests}{}% 42
\BOOKMARK [1][-]{section.8.1}{Systemtests}{chapter.8}% 43
\BOOKMARK [1][-]{section.8.2}{Akzeptanztests}{chapter.8}% 44
\BOOKMARK [0][-]{chapter.9}{Projektevaluation}{}% 45
\BOOKMARK [0][-]{chapter.10}{Benutzerhandbuch}{}% 46
\BOOKMARK [0][-]{chapter.11}{Betriebswirtschaftlicher Kontext}{}% 47
\BOOKMARK [0][-]{chapter.12}{Zusammenfassung}{}% 48
\BOOKMARK [0][-]{chapter.13}{Beispielkapitel}{}% 49
\BOOKMARK [1][-]{section.13.1}{Beispiele zitieren}{chapter.13}% 50
\BOOKMARK [2][-]{subsection.13.1.1}{Beispiele Abbildungen}{section.13.1}% 51
\BOOKMARK [1][-]{section.13.2}{Beispiele Listen}{chapter.13}% 52
\BOOKMARK [1][-]{section.13.3}{Beispiel Codesequenz}{chapter.13}% 53
\BOOKMARK [2][-]{subsection.13.3.1}{Quicksort in JAVA}{section.13.3}% 54
\BOOKMARK [1][-]{section.13.4}{Beispieltext}{chapter.13}% 55
\BOOKMARK [0][-]{chapter*.12}{Abbildungsverzeichnis}{}% 56
\BOOKMARK [0][-]{chapter*.13}{Tabellenverzeichnis}{}% 57
\BOOKMARK [0][-]{chapter*.14}{Quelltexte}{}% 58
\BOOKMARK [0][-]{chapter*.15}{Literaturverzeichnis}{}% 59
\BOOKMARK [0][-]{appendix.A}{Anhang-Kapitel}{}% 60
\BOOKMARK [1][-]{section.A.1}{Anhang-Section}{appendix.A}% 61
